The system is: Linux - 5.14.0-162.23.1.el9_1.x86_64 - x86_64
Compiling the C compiler identification source file "CMakeCCompilerId.c" succeeded.
Compiler: /usr/bin/gcc 
Build flags: 
Id flags:  

The output was:
0


Compilation of the C compiler identification source "CMakeCCompilerId.c" produced "a.out"

The C compiler identification is GNU, found in "/home/palombin/DDMarlinPandora014/v-00-14/build/CMakeFiles/3.20.2/CompilerIdC/a.out"

Compiling the CXX compiler identification source file "CMakeCXXCompilerId.cpp" succeeded.
Compiler: /usr/bin/g++ 
Build flags: 
Id flags:  

The output was:
0


Compilation of the CXX compiler identification source "CMakeCXXCompilerId.cpp" produced "a.out"

The CXX compiler identification is GNU, found in "/home/palombin/DDMarlinPandora014/v-00-14/build/CMakeFiles/3.20.2/CompilerIdCXX/a.out"

Detecting C compiler ABI info compiled with the following output:
Change Dir: /home/palombin/DDMarlinPandora014/v-00-14/build/CMakeFiles/CMakeTmp

Run Build Command(s):/usr/bin/gmake -f Makefile cmTC_8e0a2/fast && /usr/bin/gmake  -f CMakeFiles/cmTC_8e0a2.dir/build.make CMakeFiles/cmTC_8e0a2.dir/build
gmake[1]: Entering directory '/users/muoncollider/palombin/DDMarlinPandora014/v-00-14/build/CMakeFiles/CMakeTmp'
Building C object CMakeFiles/cmTC_8e0a2.dir/CMakeCCompilerABI.c.o
/usr/bin/gcc   -v -o CMakeFiles/cmTC_8e0a2.dir/CMakeCCompilerABI.c.o -c /usr/share/cmake/Modules/CMakeCCompilerABI.c
Using built-in specs.
COLLECT_GCC=/usr/bin/gcc
OFFLOAD_TARGET_NAMES=nvptx-none
OFFLOAD_TARGET_DEFAULT=1
Target: x86_64-redhat-linux
Configured with: ../configure --enable-bootstrap --enable-host-pie --enable-host-bind-now --enable-languages=c,c++,fortran,lto --prefix=/usr --mandir=/usr/share/man --infodir=/usr/share/info --with-bugurl=http://bugs.almalinux.org/ --enable-shared --enable-threads=posix --enable-checking=release --enable-multilib --with-system-zlib --enable-__cxa_atexit --disable-libunwind-exceptions --enable-gnu-unique-object --enable-linker-build-id --with-gcc-major-version-only --with-linker-hash-style=gnu --enable-plugin --enable-initfini-array --without-isl --enable-offload-targets=nvptx-none --without-cuda-driver --enable-gnu-indirect-function --enable-cet --with-tune=generic --with-arch_64=x86-64-v2 --with-arch_32=x86-64 --build=x86_64-redhat-linux --with-build-config=bootstrap-lto --enable-link-serialization=1
Thread model: posix
Supported LTO compression algorithms: zlib zstd
gcc version 11.3.1 20220421 (Red Hat 11.3.1-2) (GCC) 
COLLECT_GCC_OPTIONS='-v' '-o' 'CMakeFiles/cmTC_8e0a2.dir/CMakeCCompilerABI.c.o' '-c' '-mtune=generic' '-march=x86-64-v2' '-dumpdir' 'CMakeFiles/cmTC_8e0a2.dir/'
 /usr/libexec/gcc/x86_64-redhat-linux/11/cc1 -quiet -v /usr/share/cmake/Modules/CMakeCCompilerABI.c -quiet -dumpdir CMakeFiles/cmTC_8e0a2.dir/ -dumpbase CMakeCCompilerABI.c.c -dumpbase-ext .c -mtune=generic -march=x86-64-v2 -version -o /tmp/ccygRObF.s
GNU C17 (GCC) version 11.3.1 20220421 (Red Hat 11.3.1-2) (x86_64-redhat-linux)
	compiled by GNU C version 11.3.1 20220421 (Red Hat 11.3.1-2), GMP version 6.2.0, MPFR version 4.1.0-p9, MPC version 1.2.1, isl version none
GGC heuristics: --param ggc-min-expand=100 --param ggc-min-heapsize=131072
ignoring nonexistent directory "/usr/lib/gcc/x86_64-redhat-linux/11/include-fixed"
ignoring nonexistent directory "/usr/lib/gcc/x86_64-redhat-linux/11/../../../../x86_64-redhat-linux/include"
#include "..." search starts here:
#include <...> search starts here:
 /muoncdata/release/2.9/linux-almalinux9-x86_64/gcc-11.4.1/kaldet-1.14.1-6otovsmzqbm355big6s5dezcuoes6ka5/include/kaldet
 /muoncdata/release/2.9/linux-almalinux9-x86_64/gcc-11.4.1/kaltest-2.5.2-pq6j4f5k3me2cv4kac5je2djz46jqmvp/include/kaltest
 /muoncdata/release/2.9/linux-almalinux9-x86_64/gcc-11.4.1/eigen-3.4.0-mvuv3ygpozu6ggycdy7cphyd2rtprksp/include/eigen3
 /muoncdata/release/2.9/linux-almalinux9-x86_64/gcc-11.4.1/lcio-2.22-yw2mugzrt7efvpnesng6g6yxhvq3jw4i
 .
 /usr/lib/gcc/x86_64-redhat-linux/11/include
 /usr/local/include
 /usr/include
End of search list.
GNU C17 (GCC) version 11.3.1 20220421 (Red Hat 11.3.1-2) (x86_64-redhat-linux)
	compiled by GNU C version 11.3.1 20220421 (Red Hat 11.3.1-2), GMP version 6.2.0, MPFR version 4.1.0-p9, MPC version 1.2.1, isl version none
GGC heuristics: --param ggc-min-expand=100 --param ggc-min-heapsize=131072
Compiler executable checksum: 96e05388e0785f46bb0ae1e28934b3d9
COLLECT_GCC_OPTIONS='-v' '-o' 'CMakeFiles/cmTC_8e0a2.dir/CMakeCCompilerABI.c.o' '-c' '-mtune=generic' '-march=x86-64-v2' '-dumpdir' 'CMakeFiles/cmTC_8e0a2.dir/'
 as -v --64 -o CMakeFiles/cmTC_8e0a2.dir/CMakeCCompilerABI.c.o /tmp/ccygRObF.s
GNU assembler version 2.35.2 (x86_64-redhat-linux) using BFD version version 2.35.2-24.el9
COMPILER_PATH=/usr/libexec/gcc/x86_64-redhat-linux/11/:/usr/libexec/gcc/x86_64-redhat-linux/11/:/usr/libexec/gcc/x86_64-redhat-linux/:/usr/lib/gcc/x86_64-redhat-linux/11/:/usr/lib/gcc/x86_64-redhat-linux/
LIBRARY_PATH=/usr/lib/gcc/x86_64-redhat-linux/11/:/usr/lib/gcc/x86_64-redhat-linux/11/../../../../lib64/:/lib/../lib64/:/usr/lib/../lib64/:/usr/lib/gcc/x86_64-redhat-linux/11/../../../:/lib/:/usr/lib/
COLLECT_GCC_OPTIONS='-v' '-o' 'CMakeFiles/cmTC_8e0a2.dir/CMakeCCompilerABI.c.o' '-c' '-mtune=generic' '-march=x86-64-v2' '-dumpdir' 'CMakeFiles/cmTC_8e0a2.dir/CMakeCCompilerABI.c.'
Linking C executable cmTC_8e0a2
/usr/bin/cmake -E cmake_link_script CMakeFiles/cmTC_8e0a2.dir/link.txt --verbose=1
/usr/bin/gcc  -v -rdynamic CMakeFiles/cmTC_8e0a2.dir/CMakeCCompilerABI.c.o -o cmTC_8e0a2 
Using built-in specs.
COLLECT_GCC=/usr/bin/gcc
COLLECT_LTO_WRAPPER=/usr/libexec/gcc/x86_64-redhat-linux/11/lto-wrapper
OFFLOAD_TARGET_NAMES=nvptx-none
OFFLOAD_TARGET_DEFAULT=1
Target: x86_64-redhat-linux
Configured with: ../configure --enable-bootstrap --enable-host-pie --enable-host-bind-now --enable-languages=c,c++,fortran,lto --prefix=/usr --mandir=/usr/share/man --infodir=/usr/share/info --with-bugurl=http://bugs.almalinux.org/ --enable-shared --enable-threads=posix --enable-checking=release --enable-multilib --with-system-zlib --enable-__cxa_atexit --disable-libunwind-exceptions --enable-gnu-unique-object --enable-linker-build-id --with-gcc-major-version-only --with-linker-hash-style=gnu --enable-plugin --enable-initfini-array --without-isl --enable-offload-targets=nvptx-none --without-cuda-driver --enable-gnu-indirect-function --enable-cet --with-tune=generic --with-arch_64=x86-64-v2 --with-arch_32=x86-64 --build=x86_64-redhat-linux --with-build-config=bootstrap-lto --enable-link-serialization=1
Thread model: posix
Supported LTO compression algorithms: zlib zstd
gcc version 11.3.1 20220421 (Red Hat 11.3.1-2) (GCC) 
COMPILER_PATH=/usr/libexec/gcc/x86_64-redhat-linux/11/:/usr/libexec/gcc/x86_64-redhat-linux/11/:/usr/libexec/gcc/x86_64-redhat-linux/:/usr/lib/gcc/x86_64-redhat-linux/11/:/usr/lib/gcc/x86_64-redhat-linux/
LIBRARY_PATH=/usr/lib/gcc/x86_64-redhat-linux/11/:/usr/lib/gcc/x86_64-redhat-linux/11/../../../../lib64/:/lib/../lib64/:/usr/lib/../lib64/:/usr/lib/gcc/x86_64-redhat-linux/11/../../../:/lib/:/usr/lib/
COLLECT_GCC_OPTIONS='-v' '-rdynamic' '-o' 'cmTC_8e0a2' '-mtune=generic' '-march=x86-64-v2' '-dumpdir' 'cmTC_8e0a2.'
 /usr/libexec/gcc/x86_64-redhat-linux/11/collect2 -plugin /usr/libexec/gcc/x86_64-redhat-linux/11/liblto_plugin.so -plugin-opt=/usr/libexec/gcc/x86_64-redhat-linux/11/lto-wrapper -plugin-opt=-fresolution=/tmp/cc7yaaMD.res -plugin-opt=-pass-through=-lgcc -plugin-opt=-pass-through=-lgcc_s -plugin-opt=-pass-through=-lc -plugin-opt=-pass-through=-lgcc -plugin-opt=-pass-through=-lgcc_s --build-id --no-add-needed --eh-frame-hdr --hash-style=gnu -m elf_x86_64 -export-dynamic -dynamic-linker /lib64/ld-linux-x86-64.so.2 -o cmTC_8e0a2 /usr/lib/gcc/x86_64-redhat-linux/11/../../../../lib64/crt1.o /usr/lib/gcc/x86_64-redhat-linux/11/../../../../lib64/crti.o /usr/lib/gcc/x86_64-redhat-linux/11/crtbegin.o -L/usr/lib/gcc/x86_64-redhat-linux/11 -L/usr/lib/gcc/x86_64-redhat-linux/11/../../../../lib64 -L/lib/../lib64 -L/usr/lib/../lib64 -L/usr/lib/gcc/x86_64-redhat-linux/11/../../.. CMakeFiles/cmTC_8e0a2.dir/CMakeCCompilerABI.c.o -lgcc --push-state --as-needed -lgcc_s --pop-state -lc -lgcc --push-state --as-needed -lgcc_s --pop-state /usr/lib/gcc/x86_64-redhat-linux/11/crtend.o /usr/lib/gcc/x86_64-redhat-linux/11/../../../../lib64/crtn.o
COLLECT_GCC_OPTIONS='-v' '-rdynamic' '-o' 'cmTC_8e0a2' '-mtune=generic' '-march=x86-64-v2' '-dumpdir' 'cmTC_8e0a2.'
gmake[1]: Leaving directory '/users/muoncollider/palombin/DDMarlinPandora014/v-00-14/build/CMakeFiles/CMakeTmp'



Parsed C implicit include dir info from above output: rv=done
  found start of include info
  found start of implicit include info
    add: [/muoncdata/release/2.9/linux-almalinux9-x86_64/gcc-11.4.1/kaldet-1.14.1-6otovsmzqbm355big6s5dezcuoes6ka5/include/kaldet]
    add: [/muoncdata/release/2.9/linux-almalinux9-x86_64/gcc-11.4.1/kaltest-2.5.2-pq6j4f5k3me2cv4kac5je2djz46jqmvp/include/kaltest]
    add: [/muoncdata/release/2.9/linux-almalinux9-x86_64/gcc-11.4.1/eigen-3.4.0-mvuv3ygpozu6ggycdy7cphyd2rtprksp/include/eigen3]
    add: [/muoncdata/release/2.9/linux-almalinux9-x86_64/gcc-11.4.1/lcio-2.22-yw2mugzrt7efvpnesng6g6yxhvq3jw4i]
    add: [.]
    add: [/usr/lib/gcc/x86_64-redhat-linux/11/include]
    add: [/usr/local/include]
    add: [/usr/include]
  end of search list found
  collapse include dir [/muoncdata/release/2.9/linux-almalinux9-x86_64/gcc-11.4.1/kaldet-1.14.1-6otovsmzqbm355big6s5dezcuoes6ka5/include/kaldet] ==> [/muoncdata/release/2.9/linux-almalinux9-x86_64/gcc-11.4.1/kaldet-1.14.1-6otovsmzqbm355big6s5dezcuoes6ka5/include/kaldet]
  collapse include dir [/muoncdata/release/2.9/linux-almalinux9-x86_64/gcc-11.4.1/kaltest-2.5.2-pq6j4f5k3me2cv4kac5je2djz46jqmvp/include/kaltest] ==> [/muoncdata/release/2.9/linux-almalinux9-x86_64/gcc-11.4.1/kaltest-2.5.2-pq6j4f5k3me2cv4kac5je2djz46jqmvp/include/kaltest]
  collapse include dir [/muoncdata/release/2.9/linux-almalinux9-x86_64/gcc-11.4.1/eigen-3.4.0-mvuv3ygpozu6ggycdy7cphyd2rtprksp/include/eigen3] ==> [/muoncdata/release/2.9/linux-almalinux9-x86_64/gcc-11.4.1/eigen-3.4.0-mvuv3ygpozu6ggycdy7cphyd2rtprksp/include/eigen3]
  collapse include dir [/muoncdata/release/2.9/linux-almalinux9-x86_64/gcc-11.4.1/lcio-2.22-yw2mugzrt7efvpnesng6g6yxhvq3jw4i] ==> [/muoncdata/release/2.9/linux-almalinux9-x86_64/gcc-11.4.1/lcio-2.22-yw2mugzrt7efvpnesng6g6yxhvq3jw4i]
  skipping relative include dir [.]
  collapse include dir [/usr/lib/gcc/x86_64-redhat-linux/11/include] ==> [/usr/lib/gcc/x86_64-redhat-linux/11/include]
  collapse include dir [/usr/local/include] ==> [/usr/local/include]
  collapse include dir [/usr/include] ==> [/usr/include]
  implicit include dirs: [/muoncdata/release/2.9/linux-almalinux9-x86_64/gcc-11.4.1/kaldet-1.14.1-6otovsmzqbm355big6s5dezcuoes6ka5/include/kaldet;/muoncdata/release/2.9/linux-almalinux9-x86_64/gcc-11.4.1/kaltest-2.5.2-pq6j4f5k3me2cv4kac5je2djz46jqmvp/include/kaltest;/muoncdata/release/2.9/linux-almalinux9-x86_64/gcc-11.4.1/eigen-3.4.0-mvuv3ygpozu6ggycdy7cphyd2rtprksp/include/eigen3;/muoncdata/release/2.9/linux-almalinux9-x86_64/gcc-11.4.1/lcio-2.22-yw2mugzrt7efvpnesng6g6yxhvq3jw4i;/usr/lib/gcc/x86_64-redhat-linux/11/include;/usr/local/include;/usr/include]


Parsed C implicit link information from above output:
  link line regex: [^( *|.*[/\])(ld|CMAKE_LINK_STARTFILE-NOTFOUND|([^/\]+-)?ld|collect2)[^/\]*( |$)]
  ignore line: [Change Dir: /home/palombin/DDMarlinPandora014/v-00-14/build/CMakeFiles/CMakeTmp]
  ignore line: []
  ignore line: [Run Build Command(s):/usr/bin/gmake -f Makefile cmTC_8e0a2/fast && /usr/bin/gmake  -f CMakeFiles/cmTC_8e0a2.dir/build.make CMakeFiles/cmTC_8e0a2.dir/build]
  ignore line: [gmake[1]: Entering directory '/users/muoncollider/palombin/DDMarlinPandora014/v-00-14/build/CMakeFiles/CMakeTmp']
  ignore line: [Building C object CMakeFiles/cmTC_8e0a2.dir/CMakeCCompilerABI.c.o]
  ignore line: [/usr/bin/gcc   -v -o CMakeFiles/cmTC_8e0a2.dir/CMakeCCompilerABI.c.o -c /usr/share/cmake/Modules/CMakeCCompilerABI.c]
  ignore line: [Using built-in specs.]
  ignore line: [COLLECT_GCC=/usr/bin/gcc]
  ignore line: [OFFLOAD_TARGET_NAMES=nvptx-none]
  ignore line: [OFFLOAD_TARGET_DEFAULT=1]
  ignore line: [Target: x86_64-redhat-linux]
  ignore line: [Configured with: ../configure --enable-bootstrap --enable-host-pie --enable-host-bind-now --enable-languages=c c++ fortran lto --prefix=/usr --mandir=/usr/share/man --infodir=/usr/share/info --with-bugurl=http://bugs.almalinux.org/ --enable-shared --enable-threads=posix --enable-checking=release --enable-multilib --with-system-zlib --enable-__cxa_atexit --disable-libunwind-exceptions --enable-gnu-unique-object --enable-linker-build-id --with-gcc-major-version-only --with-linker-hash-style=gnu --enable-plugin --enable-initfini-array --without-isl --enable-offload-targets=nvptx-none --without-cuda-driver --enable-gnu-indirect-function --enable-cet --with-tune=generic --with-arch_64=x86-64-v2 --with-arch_32=x86-64 --build=x86_64-redhat-linux --with-build-config=bootstrap-lto --enable-link-serialization=1]
  ignore line: [Thread model: posix]
  ignore line: [Supported LTO compression algorithms: zlib zstd]
  ignore line: [gcc version 11.3.1 20220421 (Red Hat 11.3.1-2) (GCC) ]
  ignore line: [COLLECT_GCC_OPTIONS='-v' '-o' 'CMakeFiles/cmTC_8e0a2.dir/CMakeCCompilerABI.c.o' '-c' '-mtune=generic' '-march=x86-64-v2' '-dumpdir' 'CMakeFiles/cmTC_8e0a2.dir/']
  ignore line: [ /usr/libexec/gcc/x86_64-redhat-linux/11/cc1 -quiet -v /usr/share/cmake/Modules/CMakeCCompilerABI.c -quiet -dumpdir CMakeFiles/cmTC_8e0a2.dir/ -dumpbase CMakeCCompilerABI.c.c -dumpbase-ext .c -mtune=generic -march=x86-64-v2 -version -o /tmp/ccygRObF.s]
  ignore line: [GNU C17 (GCC) version 11.3.1 20220421 (Red Hat 11.3.1-2) (x86_64-redhat-linux)]
  ignore line: [	compiled by GNU C version 11.3.1 20220421 (Red Hat 11.3.1-2)  GMP version 6.2.0  MPFR version 4.1.0-p9  MPC version 1.2.1  isl version none]
  ignore line: [GGC heuristics: --param ggc-min-expand=100 --param ggc-min-heapsize=131072]
  ignore line: [ignoring nonexistent directory "/usr/lib/gcc/x86_64-redhat-linux/11/include-fixed"]
  ignore line: [ignoring nonexistent directory "/usr/lib/gcc/x86_64-redhat-linux/11/../../../../x86_64-redhat-linux/include"]
  ignore line: [#include "..." search starts here:]
  ignore line: [#include <...> search starts here:]
  ignore line: [ /muoncdata/release/2.9/linux-almalinux9-x86_64/gcc-11.4.1/kaldet-1.14.1-6otovsmzqbm355big6s5dezcuoes6ka5/include/kaldet]
  ignore line: [ /muoncdata/release/2.9/linux-almalinux9-x86_64/gcc-11.4.1/kaltest-2.5.2-pq6j4f5k3me2cv4kac5je2djz46jqmvp/include/kaltest]
  ignore line: [ /muoncdata/release/2.9/linux-almalinux9-x86_64/gcc-11.4.1/eigen-3.4.0-mvuv3ygpozu6ggycdy7cphyd2rtprksp/include/eigen3]
  ignore line: [ /muoncdata/release/2.9/linux-almalinux9-x86_64/gcc-11.4.1/lcio-2.22-yw2mugzrt7efvpnesng6g6yxhvq3jw4i]
  ignore line: [ .]
  ignore line: [ /usr/lib/gcc/x86_64-redhat-linux/11/include]
  ignore line: [ /usr/local/include]
  ignore line: [ /usr/include]
  ignore line: [End of search list.]
  ignore line: [GNU C17 (GCC) version 11.3.1 20220421 (Red Hat 11.3.1-2) (x86_64-redhat-linux)]
  ignore line: [	compiled by GNU C version 11.3.1 20220421 (Red Hat 11.3.1-2)  GMP version 6.2.0  MPFR version 4.1.0-p9  MPC version 1.2.1  isl version none]
  ignore line: [GGC heuristics: --param ggc-min-expand=100 --param ggc-min-heapsize=131072]
  ignore line: [Compiler executable checksum: 96e05388e0785f46bb0ae1e28934b3d9]
  ignore line: [COLLECT_GCC_OPTIONS='-v' '-o' 'CMakeFiles/cmTC_8e0a2.dir/CMakeCCompilerABI.c.o' '-c' '-mtune=generic' '-march=x86-64-v2' '-dumpdir' 'CMakeFiles/cmTC_8e0a2.dir/']
  ignore line: [ as -v --64 -o CMakeFiles/cmTC_8e0a2.dir/CMakeCCompilerABI.c.o /tmp/ccygRObF.s]
  ignore line: [GNU assembler version 2.35.2 (x86_64-redhat-linux) using BFD version version 2.35.2-24.el9]
  ignore line: [COMPILER_PATH=/usr/libexec/gcc/x86_64-redhat-linux/11/:/usr/libexec/gcc/x86_64-redhat-linux/11/:/usr/libexec/gcc/x86_64-redhat-linux/:/usr/lib/gcc/x86_64-redhat-linux/11/:/usr/lib/gcc/x86_64-redhat-linux/]
  ignore line: [LIBRARY_PATH=/usr/lib/gcc/x86_64-redhat-linux/11/:/usr/lib/gcc/x86_64-redhat-linux/11/../../../../lib64/:/lib/../lib64/:/usr/lib/../lib64/:/usr/lib/gcc/x86_64-redhat-linux/11/../../../:/lib/:/usr/lib/]
  ignore line: [COLLECT_GCC_OPTIONS='-v' '-o' 'CMakeFiles/cmTC_8e0a2.dir/CMakeCCompilerABI.c.o' '-c' '-mtune=generic' '-march=x86-64-v2' '-dumpdir' 'CMakeFiles/cmTC_8e0a2.dir/CMakeCCompilerABI.c.']
  ignore line: [Linking C executable cmTC_8e0a2]
  ignore line: [/usr/bin/cmake -E cmake_link_script CMakeFiles/cmTC_8e0a2.dir/link.txt --verbose=1]
  ignore line: [/usr/bin/gcc  -v -rdynamic CMakeFiles/cmTC_8e0a2.dir/CMakeCCompilerABI.c.o -o cmTC_8e0a2 ]
  ignore line: [Using built-in specs.]
  ignore line: [COLLECT_GCC=/usr/bin/gcc]
  ignore line: [COLLECT_LTO_WRAPPER=/usr/libexec/gcc/x86_64-redhat-linux/11/lto-wrapper]
  ignore line: [OFFLOAD_TARGET_NAMES=nvptx-none]
  ignore line: [OFFLOAD_TARGET_DEFAULT=1]
  ignore line: [Target: x86_64-redhat-linux]
  ignore line: [Configured with: ../configure --enable-bootstrap --enable-host-pie --enable-host-bind-now --enable-languages=c c++ fortran lto --prefix=/usr --mandir=/usr/share/man --infodir=/usr/share/info --with-bugurl=http://bugs.almalinux.org/ --enable-shared --enable-threads=posix --enable-checking=release --enable-multilib --with-system-zlib --enable-__cxa_atexit --disable-libunwind-exceptions --enable-gnu-unique-object --enable-linker-build-id --with-gcc-major-version-only --with-linker-hash-style=gnu --enable-plugin --enable-initfini-array --without-isl --enable-offload-targets=nvptx-none --without-cuda-driver --enable-gnu-indirect-function --enable-cet --with-tune=generic --with-arch_64=x86-64-v2 --with-arch_32=x86-64 --build=x86_64-redhat-linux --with-build-config=bootstrap-lto --enable-link-serialization=1]
  ignore line: [Thread model: posix]
  ignore line: [Supported LTO compression algorithms: zlib zstd]
  ignore line: [gcc version 11.3.1 20220421 (Red Hat 11.3.1-2) (GCC) ]
  ignore line: [COMPILER_PATH=/usr/libexec/gcc/x86_64-redhat-linux/11/:/usr/libexec/gcc/x86_64-redhat-linux/11/:/usr/libexec/gcc/x86_64-redhat-linux/:/usr/lib/gcc/x86_64-redhat-linux/11/:/usr/lib/gcc/x86_64-redhat-linux/]
  ignore line: [LIBRARY_PATH=/usr/lib/gcc/x86_64-redhat-linux/11/:/usr/lib/gcc/x86_64-redhat-linux/11/../../../../lib64/:/lib/../lib64/:/usr/lib/../lib64/:/usr/lib/gcc/x86_64-redhat-linux/11/../../../:/lib/:/usr/lib/]
  ignore line: [COLLECT_GCC_OPTIONS='-v' '-rdynamic' '-o' 'cmTC_8e0a2' '-mtune=generic' '-march=x86-64-v2' '-dumpdir' 'cmTC_8e0a2.']
  link line: [ /usr/libexec/gcc/x86_64-redhat-linux/11/collect2 -plugin /usr/libexec/gcc/x86_64-redhat-linux/11/liblto_plugin.so -plugin-opt=/usr/libexec/gcc/x86_64-redhat-linux/11/lto-wrapper -plugin-opt=-fresolution=/tmp/cc7yaaMD.res -plugin-opt=-pass-through=-lgcc -plugin-opt=-pass-through=-lgcc_s -plugin-opt=-pass-through=-lc -plugin-opt=-pass-through=-lgcc -plugin-opt=-pass-through=-lgcc_s --build-id --no-add-needed --eh-frame-hdr --hash-style=gnu -m elf_x86_64 -export-dynamic -dynamic-linker /lib64/ld-linux-x86-64.so.2 -o cmTC_8e0a2 /usr/lib/gcc/x86_64-redhat-linux/11/../../../../lib64/crt1.o /usr/lib/gcc/x86_64-redhat-linux/11/../../../../lib64/crti.o /usr/lib/gcc/x86_64-redhat-linux/11/crtbegin.o -L/usr/lib/gcc/x86_64-redhat-linux/11 -L/usr/lib/gcc/x86_64-redhat-linux/11/../../../../lib64 -L/lib/../lib64 -L/usr/lib/../lib64 -L/usr/lib/gcc/x86_64-redhat-linux/11/../../.. CMakeFiles/cmTC_8e0a2.dir/CMakeCCompilerABI.c.o -lgcc --push-state --as-needed -lgcc_s --pop-state -lc -lgcc --push-state --as-needed -lgcc_s --pop-state /usr/lib/gcc/x86_64-redhat-linux/11/crtend.o /usr/lib/gcc/x86_64-redhat-linux/11/../../../../lib64/crtn.o]
    arg [/usr/libexec/gcc/x86_64-redhat-linux/11/collect2] ==> ignore
    arg [-plugin] ==> ignore
    arg [/usr/libexec/gcc/x86_64-redhat-linux/11/liblto_plugin.so] ==> ignore
    arg [-plugin-opt=/usr/libexec/gcc/x86_64-redhat-linux/11/lto-wrapper] ==> ignore
    arg [-plugin-opt=-fresolution=/tmp/cc7yaaMD.res] ==> ignore
    arg [-plugin-opt=-pass-through=-lgcc] ==> ignore
    arg [-plugin-opt=-pass-through=-lgcc_s] ==> ignore
    arg [-plugin-opt=-pass-through=-lc] ==> ignore
    arg [-plugin-opt=-pass-through=-lgcc] ==> ignore
    arg [-plugin-opt=-pass-through=-lgcc_s] ==> ignore
    arg [--build-id] ==> ignore
    arg [--no-add-needed] ==> ignore
    arg [--eh-frame-hdr] ==> ignore
    arg [--hash-style=gnu] ==> ignore
    arg [-m] ==> ignore
    arg [elf_x86_64] ==> ignore
    arg [-export-dynamic] ==> ignore
    arg [-dynamic-linker] ==> ignore
    arg [/lib64/ld-linux-x86-64.so.2] ==> ignore
    arg [-o] ==> ignore
    arg [cmTC_8e0a2] ==> ignore
    arg [/usr/lib/gcc/x86_64-redhat-linux/11/../../../../lib64/crt1.o] ==> obj [/usr/lib/gcc/x86_64-redhat-linux/11/../../../../lib64/crt1.o]
    arg [/usr/lib/gcc/x86_64-redhat-linux/11/../../../../lib64/crti.o] ==> obj [/usr/lib/gcc/x86_64-redhat-linux/11/../../../../lib64/crti.o]
    arg [/usr/lib/gcc/x86_64-redhat-linux/11/crtbegin.o] ==> obj [/usr/lib/gcc/x86_64-redhat-linux/11/crtbegin.o]
    arg [-L/usr/lib/gcc/x86_64-redhat-linux/11] ==> dir [/usr/lib/gcc/x86_64-redhat-linux/11]
    arg [-L/usr/lib/gcc/x86_64-redhat-linux/11/../../../../lib64] ==> dir [/usr/lib/gcc/x86_64-redhat-linux/11/../../../../lib64]
    arg [-L/lib/../lib64] ==> dir [/lib/../lib64]
    arg [-L/usr/lib/../lib64] ==> dir [/usr/lib/../lib64]
    arg [-L/usr/lib/gcc/x86_64-redhat-linux/11/../../..] ==> dir [/usr/lib/gcc/x86_64-redhat-linux/11/../../..]
    arg [CMakeFiles/cmTC_8e0a2.dir/CMakeCCompilerABI.c.o] ==> ignore
    arg [-lgcc] ==> lib [gcc]
    arg [--push-state] ==> ignore
    arg [--as-needed] ==> ignore
    arg [-lgcc_s] ==> lib [gcc_s]
    arg [--pop-state] ==> ignore
    arg [-lc] ==> lib [c]
    arg [-lgcc] ==> lib [gcc]
    arg [--push-state] ==> ignore
    arg [--as-needed] ==> ignore
    arg [-lgcc_s] ==> lib [gcc_s]
    arg [--pop-state] ==> ignore
    arg [/usr/lib/gcc/x86_64-redhat-linux/11/crtend.o] ==> obj [/usr/lib/gcc/x86_64-redhat-linux/11/crtend.o]
    arg [/usr/lib/gcc/x86_64-redhat-linux/11/../../../../lib64/crtn.o] ==> obj [/usr/lib/gcc/x86_64-redhat-linux/11/../../../../lib64/crtn.o]
  collapse obj [/usr/lib/gcc/x86_64-redhat-linux/11/../../../../lib64/crt1.o] ==> [/usr/lib64/crt1.o]
  collapse obj [/usr/lib/gcc/x86_64-redhat-linux/11/../../../../lib64/crti.o] ==> [/usr/lib64/crti.o]
  collapse obj [/usr/lib/gcc/x86_64-redhat-linux/11/../../../../lib64/crtn.o] ==> [/usr/lib64/crtn.o]
  collapse library dir [/usr/lib/gcc/x86_64-redhat-linux/11] ==> [/usr/lib/gcc/x86_64-redhat-linux/11]
  collapse library dir [/usr/lib/gcc/x86_64-redhat-linux/11/../../../../lib64] ==> [/usr/lib64]
  collapse library dir [/lib/../lib64] ==> [/lib64]
  collapse library dir [/usr/lib/../lib64] ==> [/usr/lib64]
  collapse library dir [/usr/lib/gcc/x86_64-redhat-linux/11/../../..] ==> [/usr/lib]
  implicit libs: [gcc;gcc_s;c;gcc;gcc_s]
  implicit objs: [/usr/lib64/crt1.o;/usr/lib64/crti.o;/usr/lib/gcc/x86_64-redhat-linux/11/crtbegin.o;/usr/lib/gcc/x86_64-redhat-linux/11/crtend.o;/usr/lib64/crtn.o]
  implicit dirs: [/usr/lib/gcc/x86_64-redhat-linux/11;/usr/lib64;/lib64;/usr/lib]
  implicit fwks: []


Detecting CXX compiler ABI info compiled with the following output:
Change Dir: /home/palombin/DDMarlinPandora014/v-00-14/build/CMakeFiles/CMakeTmp

Run Build Command(s):/usr/bin/gmake -f Makefile cmTC_580f6/fast && /usr/bin/gmake  -f CMakeFiles/cmTC_580f6.dir/build.make CMakeFiles/cmTC_580f6.dir/build
gmake[1]: Entering directory '/users/muoncollider/palombin/DDMarlinPandora014/v-00-14/build/CMakeFiles/CMakeTmp'
Building CXX object CMakeFiles/cmTC_580f6.dir/CMakeCXXCompilerABI.cpp.o
/usr/bin/g++   -v -o CMakeFiles/cmTC_580f6.dir/CMakeCXXCompilerABI.cpp.o -c /usr/share/cmake/Modules/CMakeCXXCompilerABI.cpp
Using built-in specs.
COLLECT_GCC=/usr/bin/g++
OFFLOAD_TARGET_NAMES=nvptx-none
OFFLOAD_TARGET_DEFAULT=1
Target: x86_64-redhat-linux
Configured with: ../configure --enable-bootstrap --enable-host-pie --enable-host-bind-now --enable-languages=c,c++,fortran,lto --prefix=/usr --mandir=/usr/share/man --infodir=/usr/share/info --with-bugurl=http://bugs.almalinux.org/ --enable-shared --enable-threads=posix --enable-checking=release --enable-multilib --with-system-zlib --enable-__cxa_atexit --disable-libunwind-exceptions --enable-gnu-unique-object --enable-linker-build-id --with-gcc-major-version-only --with-linker-hash-style=gnu --enable-plugin --enable-initfini-array --without-isl --enable-offload-targets=nvptx-none --without-cuda-driver --enable-gnu-indirect-function --enable-cet --with-tune=generic --with-arch_64=x86-64-v2 --with-arch_32=x86-64 --build=x86_64-redhat-linux --with-build-config=bootstrap-lto --enable-link-serialization=1
Thread model: posix
Supported LTO compression algorithms: zlib zstd
gcc version 11.3.1 20220421 (Red Hat 11.3.1-2) (GCC) 
COLLECT_GCC_OPTIONS='-v' '-o' 'CMakeFiles/cmTC_580f6.dir/CMakeCXXCompilerABI.cpp.o' '-c' '-shared-libgcc' '-mtune=generic' '-march=x86-64-v2' '-dumpdir' 'CMakeFiles/cmTC_580f6.dir/'
 /usr/libexec/gcc/x86_64-redhat-linux/11/cc1plus -quiet -v -D_GNU_SOURCE /usr/share/cmake/Modules/CMakeCXXCompilerABI.cpp -quiet -dumpdir CMakeFiles/cmTC_580f6.dir/ -dumpbase CMakeCXXCompilerABI.cpp.cpp -dumpbase-ext .cpp -mtune=generic -march=x86-64-v2 -version -o /tmp/cczKWUEn.s
GNU C++17 (GCC) version 11.3.1 20220421 (Red Hat 11.3.1-2) (x86_64-redhat-linux)
	compiled by GNU C version 11.3.1 20220421 (Red Hat 11.3.1-2), GMP version 6.2.0, MPFR version 4.1.0-p9, MPC version 1.2.1, isl version none
GGC heuristics: --param ggc-min-expand=100 --param ggc-min-heapsize=131072
ignoring nonexistent directory "/usr/lib/gcc/x86_64-redhat-linux/11/include-fixed"
ignoring nonexistent directory "/usr/lib/gcc/x86_64-redhat-linux/11/../../../../x86_64-redhat-linux/include"
#include "..." search starts here:
#include <...> search starts here:
 /muoncdata/release/2.9/linux-almalinux9-x86_64/gcc-11.4.1/kaldet-1.14.1-6otovsmzqbm355big6s5dezcuoes6ka5/include/kaldet
 /muoncdata/release/2.9/linux-almalinux9-x86_64/gcc-11.4.1/kaltest-2.5.2-pq6j4f5k3me2cv4kac5je2djz46jqmvp/include/kaltest
 /muoncdata/release/2.9/linux-almalinux9-x86_64/gcc-11.4.1/eigen-3.4.0-mvuv3ygpozu6ggycdy7cphyd2rtprksp/include/eigen3
 /muoncdata/release/2.9/linux-almalinux9-x86_64/gcc-11.4.1/lcio-2.22-yw2mugzrt7efvpnesng6g6yxhvq3jw4i
 .
 /usr/lib/gcc/x86_64-redhat-linux/11/../../../../include/c++/11
 /usr/lib/gcc/x86_64-redhat-linux/11/../../../../include/c++/11/x86_64-redhat-linux
 /usr/lib/gcc/x86_64-redhat-linux/11/../../../../include/c++/11/backward
 /usr/lib/gcc/x86_64-redhat-linux/11/include
 /usr/local/include
 /usr/include
End of search list.
GNU C++17 (GCC) version 11.3.1 20220421 (Red Hat 11.3.1-2) (x86_64-redhat-linux)
	compiled by GNU C version 11.3.1 20220421 (Red Hat 11.3.1-2), GMP version 6.2.0, MPFR version 4.1.0-p9, MPC version 1.2.1, isl version none
GGC heuristics: --param ggc-min-expand=100 --param ggc-min-heapsize=131072
Compiler executable checksum: bd39793912420b6a63318c1cec458100
COLLECT_GCC_OPTIONS='-v' '-o' 'CMakeFiles/cmTC_580f6.dir/CMakeCXXCompilerABI.cpp.o' '-c' '-shared-libgcc' '-mtune=generic' '-march=x86-64-v2' '-dumpdir' 'CMakeFiles/cmTC_580f6.dir/'
 as -v --64 -o CMakeFiles/cmTC_580f6.dir/CMakeCXXCompilerABI.cpp.o /tmp/cczKWUEn.s
GNU assembler version 2.35.2 (x86_64-redhat-linux) using BFD version version 2.35.2-24.el9
COMPILER_PATH=/usr/libexec/gcc/x86_64-redhat-linux/11/:/usr/libexec/gcc/x86_64-redhat-linux/11/:/usr/libexec/gcc/x86_64-redhat-linux/:/usr/lib/gcc/x86_64-redhat-linux/11/:/usr/lib/gcc/x86_64-redhat-linux/
LIBRARY_PATH=/usr/lib/gcc/x86_64-redhat-linux/11/:/usr/lib/gcc/x86_64-redhat-linux/11/../../../../lib64/:/lib/../lib64/:/usr/lib/../lib64/:/usr/lib/gcc/x86_64-redhat-linux/11/../../../:/lib/:/usr/lib/
COLLECT_GCC_OPTIONS='-v' '-o' 'CMakeFiles/cmTC_580f6.dir/CMakeCXXCompilerABI.cpp.o' '-c' '-shared-libgcc' '-mtune=generic' '-march=x86-64-v2' '-dumpdir' 'CMakeFiles/cmTC_580f6.dir/CMakeCXXCompilerABI.cpp.'
Linking CXX executable cmTC_580f6
/usr/bin/cmake -E cmake_link_script CMakeFiles/cmTC_580f6.dir/link.txt --verbose=1
/usr/bin/g++  -v -rdynamic CMakeFiles/cmTC_580f6.dir/CMakeCXXCompilerABI.cpp.o -o cmTC_580f6 
Using built-in specs.
COLLECT_GCC=/usr/bin/g++
COLLECT_LTO_WRAPPER=/usr/libexec/gcc/x86_64-redhat-linux/11/lto-wrapper
OFFLOAD_TARGET_NAMES=nvptx-none
OFFLOAD_TARGET_DEFAULT=1
Target: x86_64-redhat-linux
Configured with: ../configure --enable-bootstrap --enable-host-pie --enable-host-bind-now --enable-languages=c,c++,fortran,lto --prefix=/usr --mandir=/usr/share/man --infodir=/usr/share/info --with-bugurl=http://bugs.almalinux.org/ --enable-shared --enable-threads=posix --enable-checking=release --enable-multilib --with-system-zlib --enable-__cxa_atexit --disable-libunwind-exceptions --enable-gnu-unique-object --enable-linker-build-id --with-gcc-major-version-only --with-linker-hash-style=gnu --enable-plugin --enable-initfini-array --without-isl --enable-offload-targets=nvptx-none --without-cuda-driver --enable-gnu-indirect-function --enable-cet --with-tune=generic --with-arch_64=x86-64-v2 --with-arch_32=x86-64 --build=x86_64-redhat-linux --with-build-config=bootstrap-lto --enable-link-serialization=1
Thread model: posix
Supported LTO compression algorithms: zlib zstd
gcc version 11.3.1 20220421 (Red Hat 11.3.1-2) (GCC) 
COMPILER_PATH=/usr/libexec/gcc/x86_64-redhat-linux/11/:/usr/libexec/gcc/x86_64-redhat-linux/11/:/usr/libexec/gcc/x86_64-redhat-linux/:/usr/lib/gcc/x86_64-redhat-linux/11/:/usr/lib/gcc/x86_64-redhat-linux/
LIBRARY_PATH=/usr/lib/gcc/x86_64-redhat-linux/11/:/usr/lib/gcc/x86_64-redhat-linux/11/../../../../lib64/:/lib/../lib64/:/usr/lib/../lib64/:/usr/lib/gcc/x86_64-redhat-linux/11/../../../:/lib/:/usr/lib/
COLLECT_GCC_OPTIONS='-v' '-rdynamic' '-o' 'cmTC_580f6' '-shared-libgcc' '-mtune=generic' '-march=x86-64-v2' '-dumpdir' 'cmTC_580f6.'
 /usr/libexec/gcc/x86_64-redhat-linux/11/collect2 -plugin /usr/libexec/gcc/x86_64-redhat-linux/11/liblto_plugin.so -plugin-opt=/usr/libexec/gcc/x86_64-redhat-linux/11/lto-wrapper -plugin-opt=-fresolution=/tmp/ccMaECdj.res -plugin-opt=-pass-through=-lgcc_s -plugin-opt=-pass-through=-lgcc -plugin-opt=-pass-through=-lc -plugin-opt=-pass-through=-lgcc_s -plugin-opt=-pass-through=-lgcc --build-id --no-add-needed --eh-frame-hdr --hash-style=gnu -m elf_x86_64 -export-dynamic -dynamic-linker /lib64/ld-linux-x86-64.so.2 -o cmTC_580f6 /usr/lib/gcc/x86_64-redhat-linux/11/../../../../lib64/crt1.o /usr/lib/gcc/x86_64-redhat-linux/11/../../../../lib64/crti.o /usr/lib/gcc/x86_64-redhat-linux/11/crtbegin.o -L/usr/lib/gcc/x86_64-redhat-linux/11 -L/usr/lib/gcc/x86_64-redhat-linux/11/../../../../lib64 -L/lib/../lib64 -L/usr/lib/../lib64 -L/usr/lib/gcc/x86_64-redhat-linux/11/../../.. CMakeFiles/cmTC_580f6.dir/CMakeCXXCompilerABI.cpp.o -lstdc++ -lm -lgcc_s -lgcc -lc -lgcc_s -lgcc /usr/lib/gcc/x86_64-redhat-linux/11/crtend.o /usr/lib/gcc/x86_64-redhat-linux/11/../../../../lib64/crtn.o
COLLECT_GCC_OPTIONS='-v' '-rdynamic' '-o' 'cmTC_580f6' '-shared-libgcc' '-mtune=generic' '-march=x86-64-v2' '-dumpdir' 'cmTC_580f6.'
gmake[1]: Leaving directory '/users/muoncollider/palombin/DDMarlinPandora014/v-00-14/build/CMakeFiles/CMakeTmp'



Parsed CXX implicit include dir info from above output: rv=done
  found start of include info
  found start of implicit include info
    add: [/muoncdata/release/2.9/linux-almalinux9-x86_64/gcc-11.4.1/kaldet-1.14.1-6otovsmzqbm355big6s5dezcuoes6ka5/include/kaldet]
    add: [/muoncdata/release/2.9/linux-almalinux9-x86_64/gcc-11.4.1/kaltest-2.5.2-pq6j4f5k3me2cv4kac5je2djz46jqmvp/include/kaltest]
    add: [/muoncdata/release/2.9/linux-almalinux9-x86_64/gcc-11.4.1/eigen-3.4.0-mvuv3ygpozu6ggycdy7cphyd2rtprksp/include/eigen3]
    add: [/muoncdata/release/2.9/linux-almalinux9-x86_64/gcc-11.4.1/lcio-2.22-yw2mugzrt7efvpnesng6g6yxhvq3jw4i]
    add: [.]
    add: [/usr/lib/gcc/x86_64-redhat-linux/11/../../../../include/c++/11]
    add: [/usr/lib/gcc/x86_64-redhat-linux/11/../../../../include/c++/11/x86_64-redhat-linux]
    add: [/usr/lib/gcc/x86_64-redhat-linux/11/../../../../include/c++/11/backward]
    add: [/usr/lib/gcc/x86_64-redhat-linux/11/include]
    add: [/usr/local/include]
    add: [/usr/include]
  end of search list found
  collapse include dir [/muoncdata/release/2.9/linux-almalinux9-x86_64/gcc-11.4.1/kaldet-1.14.1-6otovsmzqbm355big6s5dezcuoes6ka5/include/kaldet] ==> [/muoncdata/release/2.9/linux-almalinux9-x86_64/gcc-11.4.1/kaldet-1.14.1-6otovsmzqbm355big6s5dezcuoes6ka5/include/kaldet]
  collapse include dir [/muoncdata/release/2.9/linux-almalinux9-x86_64/gcc-11.4.1/kaltest-2.5.2-pq6j4f5k3me2cv4kac5je2djz46jqmvp/include/kaltest] ==> [/muoncdata/release/2.9/linux-almalinux9-x86_64/gcc-11.4.1/kaltest-2.5.2-pq6j4f5k3me2cv4kac5je2djz46jqmvp/include/kaltest]
  collapse include dir [/muoncdata/release/2.9/linux-almalinux9-x86_64/gcc-11.4.1/eigen-3.4.0-mvuv3ygpozu6ggycdy7cphyd2rtprksp/include/eigen3] ==> [/muoncdata/release/2.9/linux-almalinux9-x86_64/gcc-11.4.1/eigen-3.4.0-mvuv3ygpozu6ggycdy7cphyd2rtprksp/include/eigen3]
  collapse include dir [/muoncdata/release/2.9/linux-almalinux9-x86_64/gcc-11.4.1/lcio-2.22-yw2mugzrt7efvpnesng6g6yxhvq3jw4i] ==> [/muoncdata/release/2.9/linux-almalinux9-x86_64/gcc-11.4.1/lcio-2.22-yw2mugzrt7efvpnesng6g6yxhvq3jw4i]
  skipping relative include dir [.]
  collapse include dir [/usr/lib/gcc/x86_64-redhat-linux/11/../../../../include/c++/11] ==> [/usr/include/c++/11]
  collapse include dir [/usr/lib/gcc/x86_64-redhat-linux/11/../../../../include/c++/11/x86_64-redhat-linux] ==> [/usr/include/c++/11/x86_64-redhat-linux]
  collapse include dir [/usr/lib/gcc/x86_64-redhat-linux/11/../../../../include/c++/11/backward] ==> [/usr/include/c++/11/backward]
  collapse include dir [/usr/lib/gcc/x86_64-redhat-linux/11/include] ==> [/usr/lib/gcc/x86_64-redhat-linux/11/include]
  collapse include dir [/usr/local/include] ==> [/usr/local/include]
  collapse include dir [/usr/include] ==> [/usr/include]
  implicit include dirs: [/muoncdata/release/2.9/linux-almalinux9-x86_64/gcc-11.4.1/kaldet-1.14.1-6otovsmzqbm355big6s5dezcuoes6ka5/include/kaldet;/muoncdata/release/2.9/linux-almalinux9-x86_64/gcc-11.4.1/kaltest-2.5.2-pq6j4f5k3me2cv4kac5je2djz46jqmvp/include/kaltest;/muoncdata/release/2.9/linux-almalinux9-x86_64/gcc-11.4.1/eigen-3.4.0-mvuv3ygpozu6ggycdy7cphyd2rtprksp/include/eigen3;/muoncdata/release/2.9/linux-almalinux9-x86_64/gcc-11.4.1/lcio-2.22-yw2mugzrt7efvpnesng6g6yxhvq3jw4i;/usr/include/c++/11;/usr/include/c++/11/x86_64-redhat-linux;/usr/include/c++/11/backward;/usr/lib/gcc/x86_64-redhat-linux/11/include;/usr/local/include;/usr/include]


Parsed CXX implicit link information from above output:
  link line regex: [^( *|.*[/\])(ld|CMAKE_LINK_STARTFILE-NOTFOUND|([^/\]+-)?ld|collect2)[^/\]*( |$)]
  ignore line: [Change Dir: /home/palombin/DDMarlinPandora014/v-00-14/build/CMakeFiles/CMakeTmp]
  ignore line: []
  ignore line: [Run Build Command(s):/usr/bin/gmake -f Makefile cmTC_580f6/fast && /usr/bin/gmake  -f CMakeFiles/cmTC_580f6.dir/build.make CMakeFiles/cmTC_580f6.dir/build]
  ignore line: [gmake[1]: Entering directory '/users/muoncollider/palombin/DDMarlinPandora014/v-00-14/build/CMakeFiles/CMakeTmp']
  ignore line: [Building CXX object CMakeFiles/cmTC_580f6.dir/CMakeCXXCompilerABI.cpp.o]
  ignore line: [/usr/bin/g++   -v -o CMakeFiles/cmTC_580f6.dir/CMakeCXXCompilerABI.cpp.o -c /usr/share/cmake/Modules/CMakeCXXCompilerABI.cpp]
  ignore line: [Using built-in specs.]
  ignore line: [COLLECT_GCC=/usr/bin/g++]
  ignore line: [OFFLOAD_TARGET_NAMES=nvptx-none]
  ignore line: [OFFLOAD_TARGET_DEFAULT=1]
  ignore line: [Target: x86_64-redhat-linux]
  ignore line: [Configured with: ../configure --enable-bootstrap --enable-host-pie --enable-host-bind-now --enable-languages=c c++ fortran lto --prefix=/usr --mandir=/usr/share/man --infodir=/usr/share/info --with-bugurl=http://bugs.almalinux.org/ --enable-shared --enable-threads=posix --enable-checking=release --enable-multilib --with-system-zlib --enable-__cxa_atexit --disable-libunwind-exceptions --enable-gnu-unique-object --enable-linker-build-id --with-gcc-major-version-only --with-linker-hash-style=gnu --enable-plugin --enable-initfini-array --without-isl --enable-offload-targets=nvptx-none --without-cuda-driver --enable-gnu-indirect-function --enable-cet --with-tune=generic --with-arch_64=x86-64-v2 --with-arch_32=x86-64 --build=x86_64-redhat-linux --with-build-config=bootstrap-lto --enable-link-serialization=1]
  ignore line: [Thread model: posix]
  ignore line: [Supported LTO compression algorithms: zlib zstd]
  ignore line: [gcc version 11.3.1 20220421 (Red Hat 11.3.1-2) (GCC) ]
  ignore line: [COLLECT_GCC_OPTIONS='-v' '-o' 'CMakeFiles/cmTC_580f6.dir/CMakeCXXCompilerABI.cpp.o' '-c' '-shared-libgcc' '-mtune=generic' '-march=x86-64-v2' '-dumpdir' 'CMakeFiles/cmTC_580f6.dir/']
  ignore line: [ /usr/libexec/gcc/x86_64-redhat-linux/11/cc1plus -quiet -v -D_GNU_SOURCE /usr/share/cmake/Modules/CMakeCXXCompilerABI.cpp -quiet -dumpdir CMakeFiles/cmTC_580f6.dir/ -dumpbase CMakeCXXCompilerABI.cpp.cpp -dumpbase-ext .cpp -mtune=generic -march=x86-64-v2 -version -o /tmp/cczKWUEn.s]
  ignore line: [GNU C++17 (GCC) version 11.3.1 20220421 (Red Hat 11.3.1-2) (x86_64-redhat-linux)]
  ignore line: [	compiled by GNU C version 11.3.1 20220421 (Red Hat 11.3.1-2)  GMP version 6.2.0  MPFR version 4.1.0-p9  MPC version 1.2.1  isl version none]
  ignore line: [GGC heuristics: --param ggc-min-expand=100 --param ggc-min-heapsize=131072]
  ignore line: [ignoring nonexistent directory "/usr/lib/gcc/x86_64-redhat-linux/11/include-fixed"]
  ignore line: [ignoring nonexistent directory "/usr/lib/gcc/x86_64-redhat-linux/11/../../../../x86_64-redhat-linux/include"]
  ignore line: [#include "..." search starts here:]
  ignore line: [#include <...> search starts here:]
  ignore line: [ /muoncdata/release/2.9/linux-almalinux9-x86_64/gcc-11.4.1/kaldet-1.14.1-6otovsmzqbm355big6s5dezcuoes6ka5/include/kaldet]
  ignore line: [ /muoncdata/release/2.9/linux-almalinux9-x86_64/gcc-11.4.1/kaltest-2.5.2-pq6j4f5k3me2cv4kac5je2djz46jqmvp/include/kaltest]
  ignore line: [ /muoncdata/release/2.9/linux-almalinux9-x86_64/gcc-11.4.1/eigen-3.4.0-mvuv3ygpozu6ggycdy7cphyd2rtprksp/include/eigen3]
  ignore line: [ /muoncdata/release/2.9/linux-almalinux9-x86_64/gcc-11.4.1/lcio-2.22-yw2mugzrt7efvpnesng6g6yxhvq3jw4i]
  ignore line: [ .]
  ignore line: [ /usr/lib/gcc/x86_64-redhat-linux/11/../../../../include/c++/11]
  ignore line: [ /usr/lib/gcc/x86_64-redhat-linux/11/../../../../include/c++/11/x86_64-redhat-linux]
  ignore line: [ /usr/lib/gcc/x86_64-redhat-linux/11/../../../../include/c++/11/backward]
  ignore line: [ /usr/lib/gcc/x86_64-redhat-linux/11/include]
  ignore line: [ /usr/local/include]
  ignore line: [ /usr/include]
  ignore line: [End of search list.]
  ignore line: [GNU C++17 (GCC) version 11.3.1 20220421 (Red Hat 11.3.1-2) (x86_64-redhat-linux)]
  ignore line: [	compiled by GNU C version 11.3.1 20220421 (Red Hat 11.3.1-2)  GMP version 6.2.0  MPFR version 4.1.0-p9  MPC version 1.2.1  isl version none]
  ignore line: [GGC heuristics: --param ggc-min-expand=100 --param ggc-min-heapsize=131072]
  ignore line: [Compiler executable checksum: bd39793912420b6a63318c1cec458100]
  ignore line: [COLLECT_GCC_OPTIONS='-v' '-o' 'CMakeFiles/cmTC_580f6.dir/CMakeCXXCompilerABI.cpp.o' '-c' '-shared-libgcc' '-mtune=generic' '-march=x86-64-v2' '-dumpdir' 'CMakeFiles/cmTC_580f6.dir/']
  ignore line: [ as -v --64 -o CMakeFiles/cmTC_580f6.dir/CMakeCXXCompilerABI.cpp.o /tmp/cczKWUEn.s]
  ignore line: [GNU assembler version 2.35.2 (x86_64-redhat-linux) using BFD version version 2.35.2-24.el9]
  ignore line: [COMPILER_PATH=/usr/libexec/gcc/x86_64-redhat-linux/11/:/usr/libexec/gcc/x86_64-redhat-linux/11/:/usr/libexec/gcc/x86_64-redhat-linux/:/usr/lib/gcc/x86_64-redhat-linux/11/:/usr/lib/gcc/x86_64-redhat-linux/]
  ignore line: [LIBRARY_PATH=/usr/lib/gcc/x86_64-redhat-linux/11/:/usr/lib/gcc/x86_64-redhat-linux/11/../../../../lib64/:/lib/../lib64/:/usr/lib/../lib64/:/usr/lib/gcc/x86_64-redhat-linux/11/../../../:/lib/:/usr/lib/]
  ignore line: [COLLECT_GCC_OPTIONS='-v' '-o' 'CMakeFiles/cmTC_580f6.dir/CMakeCXXCompilerABI.cpp.o' '-c' '-shared-libgcc' '-mtune=generic' '-march=x86-64-v2' '-dumpdir' 'CMakeFiles/cmTC_580f6.dir/CMakeCXXCompilerABI.cpp.']
  ignore line: [Linking CXX executable cmTC_580f6]
  ignore line: [/usr/bin/cmake -E cmake_link_script CMakeFiles/cmTC_580f6.dir/link.txt --verbose=1]
  ignore line: [/usr/bin/g++  -v -rdynamic CMakeFiles/cmTC_580f6.dir/CMakeCXXCompilerABI.cpp.o -o cmTC_580f6 ]
  ignore line: [Using built-in specs.]
  ignore line: [COLLECT_GCC=/usr/bin/g++]
  ignore line: [COLLECT_LTO_WRAPPER=/usr/libexec/gcc/x86_64-redhat-linux/11/lto-wrapper]
  ignore line: [OFFLOAD_TARGET_NAMES=nvptx-none]
  ignore line: [OFFLOAD_TARGET_DEFAULT=1]
  ignore line: [Target: x86_64-redhat-linux]
  ignore line: [Configured with: ../configure --enable-bootstrap --enable-host-pie --enable-host-bind-now --enable-languages=c c++ fortran lto --prefix=/usr --mandir=/usr/share/man --infodir=/usr/share/info --with-bugurl=http://bugs.almalinux.org/ --enable-shared --enable-threads=posix --enable-checking=release --enable-multilib --with-system-zlib --enable-__cxa_atexit --disable-libunwind-exceptions --enable-gnu-unique-object --enable-linker-build-id --with-gcc-major-version-only --with-linker-hash-style=gnu --enable-plugin --enable-initfini-array --without-isl --enable-offload-targets=nvptx-none --without-cuda-driver --enable-gnu-indirect-function --enable-cet --with-tune=generic --with-arch_64=x86-64-v2 --with-arch_32=x86-64 --build=x86_64-redhat-linux --with-build-config=bootstrap-lto --enable-link-serialization=1]
  ignore line: [Thread model: posix]
  ignore line: [Supported LTO compression algorithms: zlib zstd]
  ignore line: [gcc version 11.3.1 20220421 (Red Hat 11.3.1-2) (GCC) ]
  ignore line: [COMPILER_PATH=/usr/libexec/gcc/x86_64-redhat-linux/11/:/usr/libexec/gcc/x86_64-redhat-linux/11/:/usr/libexec/gcc/x86_64-redhat-linux/:/usr/lib/gcc/x86_64-redhat-linux/11/:/usr/lib/gcc/x86_64-redhat-linux/]
  ignore line: [LIBRARY_PATH=/usr/lib/gcc/x86_64-redhat-linux/11/:/usr/lib/gcc/x86_64-redhat-linux/11/../../../../lib64/:/lib/../lib64/:/usr/lib/../lib64/:/usr/lib/gcc/x86_64-redhat-linux/11/../../../:/lib/:/usr/lib/]
  ignore line: [COLLECT_GCC_OPTIONS='-v' '-rdynamic' '-o' 'cmTC_580f6' '-shared-libgcc' '-mtune=generic' '-march=x86-64-v2' '-dumpdir' 'cmTC_580f6.']
  link line: [ /usr/libexec/gcc/x86_64-redhat-linux/11/collect2 -plugin /usr/libexec/gcc/x86_64-redhat-linux/11/liblto_plugin.so -plugin-opt=/usr/libexec/gcc/x86_64-redhat-linux/11/lto-wrapper -plugin-opt=-fresolution=/tmp/ccMaECdj.res -plugin-opt=-pass-through=-lgcc_s -plugin-opt=-pass-through=-lgcc -plugin-opt=-pass-through=-lc -plugin-opt=-pass-through=-lgcc_s -plugin-opt=-pass-through=-lgcc --build-id --no-add-needed --eh-frame-hdr --hash-style=gnu -m elf_x86_64 -export-dynamic -dynamic-linker /lib64/ld-linux-x86-64.so.2 -o cmTC_580f6 /usr/lib/gcc/x86_64-redhat-linux/11/../../../../lib64/crt1.o /usr/lib/gcc/x86_64-redhat-linux/11/../../../../lib64/crti.o /usr/lib/gcc/x86_64-redhat-linux/11/crtbegin.o -L/usr/lib/gcc/x86_64-redhat-linux/11 -L/usr/lib/gcc/x86_64-redhat-linux/11/../../../../lib64 -L/lib/../lib64 -L/usr/lib/../lib64 -L/usr/lib/gcc/x86_64-redhat-linux/11/../../.. CMakeFiles/cmTC_580f6.dir/CMakeCXXCompilerABI.cpp.o -lstdc++ -lm -lgcc_s -lgcc -lc -lgcc_s -lgcc /usr/lib/gcc/x86_64-redhat-linux/11/crtend.o /usr/lib/gcc/x86_64-redhat-linux/11/../../../../lib64/crtn.o]
    arg [/usr/libexec/gcc/x86_64-redhat-linux/11/collect2] ==> ignore
    arg [-plugin] ==> ignore
    arg [/usr/libexec/gcc/x86_64-redhat-linux/11/liblto_plugin.so] ==> ignore
    arg [-plugin-opt=/usr/libexec/gcc/x86_64-redhat-linux/11/lto-wrapper] ==> ignore
    arg [-plugin-opt=-fresolution=/tmp/ccMaECdj.res] ==> ignore
    arg [-plugin-opt=-pass-through=-lgcc_s] ==> ignore
    arg [-plugin-opt=-pass-through=-lgcc] ==> ignore
    arg [-plugin-opt=-pass-through=-lc] ==> ignore
    arg [-plugin-opt=-pass-through=-lgcc_s] ==> ignore
    arg [-plugin-opt=-pass-through=-lgcc] ==> ignore
    arg [--build-id] ==> ignore
    arg [--no-add-needed] ==> ignore
    arg [--eh-frame-hdr] ==> ignore
    arg [--hash-style=gnu] ==> ignore
    arg [-m] ==> ignore
    arg [elf_x86_64] ==> ignore
    arg [-export-dynamic] ==> ignore
    arg [-dynamic-linker] ==> ignore
    arg [/lib64/ld-linux-x86-64.so.2] ==> ignore
    arg [-o] ==> ignore
    arg [cmTC_580f6] ==> ignore
    arg [/usr/lib/gcc/x86_64-redhat-linux/11/../../../../lib64/crt1.o] ==> obj [/usr/lib/gcc/x86_64-redhat-linux/11/../../../../lib64/crt1.o]
    arg [/usr/lib/gcc/x86_64-redhat-linux/11/../../../../lib64/crti.o] ==> obj [/usr/lib/gcc/x86_64-redhat-linux/11/../../../../lib64/crti.o]
    arg [/usr/lib/gcc/x86_64-redhat-linux/11/crtbegin.o] ==> obj [/usr/lib/gcc/x86_64-redhat-linux/11/crtbegin.o]
    arg [-L/usr/lib/gcc/x86_64-redhat-linux/11] ==> dir [/usr/lib/gcc/x86_64-redhat-linux/11]
    arg [-L/usr/lib/gcc/x86_64-redhat-linux/11/../../../../lib64] ==> dir [/usr/lib/gcc/x86_64-redhat-linux/11/../../../../lib64]
    arg [-L/lib/../lib64] ==> dir [/lib/../lib64]
    arg [-L/usr/lib/../lib64] ==> dir [/usr/lib/../lib64]
    arg [-L/usr/lib/gcc/x86_64-redhat-linux/11/../../..] ==> dir [/usr/lib/gcc/x86_64-redhat-linux/11/../../..]
    arg [CMakeFiles/cmTC_580f6.dir/CMakeCXXCompilerABI.cpp.o] ==> ignore
    arg [-lstdc++] ==> lib [stdc++]
    arg [-lm] ==> lib [m]
    arg [-lgcc_s] ==> lib [gcc_s]
    arg [-lgcc] ==> lib [gcc]
    arg [-lc] ==> lib [c]
    arg [-lgcc_s] ==> lib [gcc_s]
    arg [-lgcc] ==> lib [gcc]
    arg [/usr/lib/gcc/x86_64-redhat-linux/11/crtend.o] ==> obj [/usr/lib/gcc/x86_64-redhat-linux/11/crtend.o]
    arg [/usr/lib/gcc/x86_64-redhat-linux/11/../../../../lib64/crtn.o] ==> obj [/usr/lib/gcc/x86_64-redhat-linux/11/../../../../lib64/crtn.o]
  collapse obj [/usr/lib/gcc/x86_64-redhat-linux/11/../../../../lib64/crt1.o] ==> [/usr/lib64/crt1.o]
  collapse obj [/usr/lib/gcc/x86_64-redhat-linux/11/../../../../lib64/crti.o] ==> [/usr/lib64/crti.o]
  collapse obj [/usr/lib/gcc/x86_64-redhat-linux/11/../../../../lib64/crtn.o] ==> [/usr/lib64/crtn.o]
  collapse library dir [/usr/lib/gcc/x86_64-redhat-linux/11] ==> [/usr/lib/gcc/x86_64-redhat-linux/11]
  collapse library dir [/usr/lib/gcc/x86_64-redhat-linux/11/../../../../lib64] ==> [/usr/lib64]
  collapse library dir [/lib/../lib64] ==> [/lib64]
  collapse library dir [/usr/lib/../lib64] ==> [/usr/lib64]
  collapse library dir [/usr/lib/gcc/x86_64-redhat-linux/11/../../..] ==> [/usr/lib]
  implicit libs: [stdc++;m;gcc_s;gcc;c;gcc_s;gcc]
  implicit objs: [/usr/lib64/crt1.o;/usr/lib64/crti.o;/usr/lib/gcc/x86_64-redhat-linux/11/crtbegin.o;/usr/lib/gcc/x86_64-redhat-linux/11/crtend.o;/usr/lib64/crtn.o]
  implicit dirs: [/usr/lib/gcc/x86_64-redhat-linux/11;/usr/lib64;/lib64;/usr/lib]
  implicit fwks: []


Performing C++ SOURCE FILE Test CXX_FLAG_WORKS__Wall succeeded with the following output:
Change Dir: /home/palombin/DDMarlinPandora014/v-00-14/build/CMakeFiles/CMakeTmp

Run Build Command(s):/usr/bin/gmake -f Makefile cmTC_3878c/fast && /usr/bin/gmake  -f CMakeFiles/cmTC_3878c.dir/build.make CMakeFiles/cmTC_3878c.dir/build
gmake[1]: Entering directory '/users/muoncollider/palombin/DDMarlinPandora014/v-00-14/build/CMakeFiles/CMakeTmp'
Building CXX object CMakeFiles/cmTC_3878c.dir/src.cxx.o
/usr/bin/g++ -DCXX_FLAG_WORKS__Wall  -Wall -o CMakeFiles/cmTC_3878c.dir/src.cxx.o -c /home/palombin/DDMarlinPandora014/v-00-14/build/CMakeFiles/CMakeTmp/src.cxx
Linking CXX executable cmTC_3878c
/usr/bin/cmake -E cmake_link_script CMakeFiles/cmTC_3878c.dir/link.txt --verbose=1
/usr/bin/g++ -rdynamic CMakeFiles/cmTC_3878c.dir/src.cxx.o -o cmTC_3878c 
gmake[1]: Leaving directory '/users/muoncollider/palombin/DDMarlinPandora014/v-00-14/build/CMakeFiles/CMakeTmp'


Source file was:
int main() { return 0; }
Performing C++ SOURCE FILE Test CXX_FLAG_WORKS__Wextra succeeded with the following output:
Change Dir: /home/palombin/DDMarlinPandora014/v-00-14/build/CMakeFiles/CMakeTmp

Run Build Command(s):/usr/bin/gmake -f Makefile cmTC_949ca/fast && /usr/bin/gmake  -f CMakeFiles/cmTC_949ca.dir/build.make CMakeFiles/cmTC_949ca.dir/build
gmake[1]: Entering directory '/users/muoncollider/palombin/DDMarlinPandora014/v-00-14/build/CMakeFiles/CMakeTmp'
Building CXX object CMakeFiles/cmTC_949ca.dir/src.cxx.o
/usr/bin/g++ -DCXX_FLAG_WORKS__Wextra  -Wall     -Wextra -o CMakeFiles/cmTC_949ca.dir/src.cxx.o -c /home/palombin/DDMarlinPandora014/v-00-14/build/CMakeFiles/CMakeTmp/src.cxx
Linking CXX executable cmTC_949ca
/usr/bin/cmake -E cmake_link_script CMakeFiles/cmTC_949ca.dir/link.txt --verbose=1
/usr/bin/g++ -Wall   -rdynamic CMakeFiles/cmTC_949ca.dir/src.cxx.o -o cmTC_949ca 
gmake[1]: Leaving directory '/users/muoncollider/palombin/DDMarlinPandora014/v-00-14/build/CMakeFiles/CMakeTmp'


Source file was:
int main() { return 0; }
Performing C++ SOURCE FILE Test CXX_FLAG_WORKS__Wshadow succeeded with the following output:
Change Dir: /home/palombin/DDMarlinPandora014/v-00-14/build/CMakeFiles/CMakeTmp

Run Build Command(s):/usr/bin/gmake -f Makefile cmTC_6c620/fast && /usr/bin/gmake  -f CMakeFiles/cmTC_6c620.dir/build.make CMakeFiles/cmTC_6c620.dir/build
gmake[1]: Entering directory '/users/muoncollider/palombin/DDMarlinPandora014/v-00-14/build/CMakeFiles/CMakeTmp'
Building CXX object CMakeFiles/cmTC_6c620.dir/src.cxx.o
/usr/bin/g++ -DCXX_FLAG_WORKS__Wshadow  -Wextra -Wall     -Wshadow -o CMakeFiles/cmTC_6c620.dir/src.cxx.o -c /home/palombin/DDMarlinPandora014/v-00-14/build/CMakeFiles/CMakeTmp/src.cxx
Linking CXX executable cmTC_6c620
/usr/bin/cmake -E cmake_link_script CMakeFiles/cmTC_6c620.dir/link.txt --verbose=1
/usr/bin/g++ -Wextra -Wall   -rdynamic CMakeFiles/cmTC_6c620.dir/src.cxx.o -o cmTC_6c620 
gmake[1]: Leaving directory '/users/muoncollider/palombin/DDMarlinPandora014/v-00-14/build/CMakeFiles/CMakeTmp'


Source file was:
int main() { return 0; }
Performing C++ SOURCE FILE Test CXX_FLAG_WORKS__WeffcPP succeeded with the following output:
Change Dir: /home/palombin/DDMarlinPandora014/v-00-14/build/CMakeFiles/CMakeTmp

Run Build Command(s):/usr/bin/gmake -f Makefile cmTC_e23f2/fast && /usr/bin/gmake  -f CMakeFiles/cmTC_e23f2.dir/build.make CMakeFiles/cmTC_e23f2.dir/build
gmake[1]: Entering directory '/users/muoncollider/palombin/DDMarlinPandora014/v-00-14/build/CMakeFiles/CMakeTmp'
Building CXX object CMakeFiles/cmTC_e23f2.dir/src.cxx.o
/usr/bin/g++ -DCXX_FLAG_WORKS__WeffcPP  -Wshadow -Wextra -Wall     -Weffc++ -o CMakeFiles/cmTC_e23f2.dir/src.cxx.o -c /home/palombin/DDMarlinPandora014/v-00-14/build/CMakeFiles/CMakeTmp/src.cxx
Linking CXX executable cmTC_e23f2
/usr/bin/cmake -E cmake_link_script CMakeFiles/cmTC_e23f2.dir/link.txt --verbose=1
/usr/bin/g++ -Wshadow -Wextra -Wall   -rdynamic CMakeFiles/cmTC_e23f2.dir/src.cxx.o -o cmTC_e23f2 
gmake[1]: Leaving directory '/users/muoncollider/palombin/DDMarlinPandora014/v-00-14/build/CMakeFiles/CMakeTmp'


Source file was:
int main() { return 0; }
Performing C++ SOURCE FILE Test CXX_FLAG_WORKS__pedantic succeeded with the following output:
Change Dir: /home/palombin/DDMarlinPandora014/v-00-14/build/CMakeFiles/CMakeTmp

Run Build Command(s):/usr/bin/gmake -f Makefile cmTC_f243c/fast && /usr/bin/gmake  -f CMakeFiles/cmTC_f243c.dir/build.make CMakeFiles/cmTC_f243c.dir/build
gmake[1]: Entering directory '/users/muoncollider/palombin/DDMarlinPandora014/v-00-14/build/CMakeFiles/CMakeTmp'
Building CXX object CMakeFiles/cmTC_f243c.dir/src.cxx.o
/usr/bin/g++ -DCXX_FLAG_WORKS__pedantic  -Weffc++ -Wshadow -Wextra -Wall     -pedantic -o CMakeFiles/cmTC_f243c.dir/src.cxx.o -c /home/palombin/DDMarlinPandora014/v-00-14/build/CMakeFiles/CMakeTmp/src.cxx
Linking CXX executable cmTC_f243c
/usr/bin/cmake -E cmake_link_script CMakeFiles/cmTC_f243c.dir/link.txt --verbose=1
/usr/bin/g++ -Weffc++ -Wshadow -Wextra -Wall   -rdynamic CMakeFiles/cmTC_f243c.dir/src.cxx.o -o cmTC_f243c 
gmake[1]: Leaving directory '/users/muoncollider/palombin/DDMarlinPandora014/v-00-14/build/CMakeFiles/CMakeTmp'


Source file was:
int main() { return 0; }
Performing C++ SOURCE FILE Test CXX_FLAG_WORKS__Wno_long_long succeeded with the following output:
Change Dir: /home/palombin/DDMarlinPandora014/v-00-14/build/CMakeFiles/CMakeTmp

Run Build Command(s):/usr/bin/gmake -f Makefile cmTC_5dc57/fast && /usr/bin/gmake  -f CMakeFiles/cmTC_5dc57.dir/build.make CMakeFiles/cmTC_5dc57.dir/build
gmake[1]: Entering directory '/users/muoncollider/palombin/DDMarlinPandora014/v-00-14/build/CMakeFiles/CMakeTmp'
Building CXX object CMakeFiles/cmTC_5dc57.dir/src.cxx.o
/usr/bin/g++ -DCXX_FLAG_WORKS__Wno_long_long  -pedantic -Weffc++ -Wshadow -Wextra -Wall     -Wno-long-long -o CMakeFiles/cmTC_5dc57.dir/src.cxx.o -c /home/palombin/DDMarlinPandora014/v-00-14/build/CMakeFiles/CMakeTmp/src.cxx
Linking CXX executable cmTC_5dc57
/usr/bin/cmake -E cmake_link_script CMakeFiles/cmTC_5dc57.dir/link.txt --verbose=1
/usr/bin/g++ -pedantic -Weffc++ -Wshadow -Wextra -Wall   -rdynamic CMakeFiles/cmTC_5dc57.dir/src.cxx.o -o cmTC_5dc57 
gmake[1]: Leaving directory '/users/muoncollider/palombin/DDMarlinPandora014/v-00-14/build/CMakeFiles/CMakeTmp'


Source file was:
int main() { return 0; }
Performing C++ SOURCE FILE Test CXX_FLAG_WORKS__Wuninitialized succeeded with the following output:
Change Dir: /home/palombin/DDMarlinPandora014/v-00-14/build/CMakeFiles/CMakeTmp

Run Build Command(s):/usr/bin/gmake -f Makefile cmTC_394c7/fast && /usr/bin/gmake  -f CMakeFiles/cmTC_394c7.dir/build.make CMakeFiles/cmTC_394c7.dir/build
gmake[1]: Entering directory '/users/muoncollider/palombin/DDMarlinPandora014/v-00-14/build/CMakeFiles/CMakeTmp'
Building CXX object CMakeFiles/cmTC_394c7.dir/src.cxx.o
/usr/bin/g++ -DCXX_FLAG_WORKS__Wuninitialized  -Wno-long-long -pedantic -Weffc++ -Wshadow -Wextra -Wall     -Wuninitialized -o CMakeFiles/cmTC_394c7.dir/src.cxx.o -c /home/palombin/DDMarlinPandora014/v-00-14/build/CMakeFiles/CMakeTmp/src.cxx
Linking CXX executable cmTC_394c7
/usr/bin/cmake -E cmake_link_script CMakeFiles/cmTC_394c7.dir/link.txt --verbose=1
/usr/bin/g++ -Wno-long-long -pedantic -Weffc++ -Wshadow -Wextra -Wall   -rdynamic CMakeFiles/cmTC_394c7.dir/src.cxx.o -o cmTC_394c7 
gmake[1]: Leaving directory '/users/muoncollider/palombin/DDMarlinPandora014/v-00-14/build/CMakeFiles/CMakeTmp'


Source file was:
int main() { return 0; }
Performing C++ SOURCE FILE Test CXX_FLAG_WORKS__Wl,_no_undefined succeeded with the following output:
Change Dir: /home/palombin/DDMarlinPandora014/v-00-14/build/CMakeFiles/CMakeTmp

Run Build Command(s):/usr/bin/gmake -f Makefile cmTC_77ac7/fast && /usr/bin/gmake  -f CMakeFiles/cmTC_77ac7.dir/build.make CMakeFiles/cmTC_77ac7.dir/build
gmake[1]: Entering directory '/users/muoncollider/palombin/DDMarlinPandora014/v-00-14/build/CMakeFiles/CMakeTmp'
Building CXX object CMakeFiles/cmTC_77ac7.dir/src.cxx.o
/usr/bin/g++   -Wuninitialized -Wno-long-long -pedantic -Weffc++ -Wshadow -Wextra -Wall     -DCXX_FLAG_WORKS__Wl,_no_undefined -Wl,-no-undefined -o CMakeFiles/cmTC_77ac7.dir/src.cxx.o -c /home/palombin/DDMarlinPandora014/v-00-14/build/CMakeFiles/CMakeTmp/src.cxx
<command-line>: warning: ISO C++11 requires whitespace after the macro name
Linking CXX executable cmTC_77ac7
/usr/bin/cmake -E cmake_link_script CMakeFiles/cmTC_77ac7.dir/link.txt --verbose=1
/usr/bin/g++ -Wuninitialized -Wno-long-long -pedantic -Weffc++ -Wshadow -Wextra -Wall   -rdynamic CMakeFiles/cmTC_77ac7.dir/src.cxx.o -o cmTC_77ac7 
gmake[1]: Leaving directory '/users/muoncollider/palombin/DDMarlinPandora014/v-00-14/build/CMakeFiles/CMakeTmp'


Source file was:
int main() { return 0; }
Determining if the include file pthread.h exists passed with the following output:
Change Dir: /home/palombin/DDMarlinPandora014/v-00-14/build/CMakeFiles/CMakeTmp

Run Build Command(s):/usr/bin/gmake -f Makefile cmTC_96646/fast && /usr/bin/gmake  -f CMakeFiles/cmTC_96646.dir/build.make CMakeFiles/cmTC_96646.dir/build
gmake[1]: Entering directory '/users/muoncollider/palombin/DDMarlinPandora014/v-00-14/build/CMakeFiles/CMakeTmp'
Building C object CMakeFiles/cmTC_96646.dir/CheckIncludeFile.c.o
/usr/bin/gcc    -o CMakeFiles/cmTC_96646.dir/CheckIncludeFile.c.o -c /home/palombin/DDMarlinPandora014/v-00-14/build/CMakeFiles/CMakeTmp/CheckIncludeFile.c
Linking C executable cmTC_96646
/usr/bin/cmake -E cmake_link_script CMakeFiles/cmTC_96646.dir/link.txt --verbose=1
/usr/bin/gcc CMakeFiles/cmTC_96646.dir/CheckIncludeFile.c.o -o cmTC_96646 
gmake[1]: Leaving directory '/users/muoncollider/palombin/DDMarlinPandora014/v-00-14/build/CMakeFiles/CMakeTmp'



Performing C SOURCE FILE Test CMAKE_HAVE_LIBC_PTHREAD succeeded with the following output:
Change Dir: /home/palombin/DDMarlinPandora014/v-00-14/build/CMakeFiles/CMakeTmp

Run Build Command(s):/usr/bin/gmake -f Makefile cmTC_b6b22/fast && /usr/bin/gmake  -f CMakeFiles/cmTC_b6b22.dir/build.make CMakeFiles/cmTC_b6b22.dir/build
gmake[1]: Entering directory '/users/muoncollider/palombin/DDMarlinPandora014/v-00-14/build/CMakeFiles/CMakeTmp'
Building C object CMakeFiles/cmTC_b6b22.dir/src.c.o
/usr/bin/gcc -DCMAKE_HAVE_LIBC_PTHREAD   -o CMakeFiles/cmTC_b6b22.dir/src.c.o -c /home/palombin/DDMarlinPandora014/v-00-14/build/CMakeFiles/CMakeTmp/src.c
Linking C executable cmTC_b6b22
/usr/bin/cmake -E cmake_link_script CMakeFiles/cmTC_b6b22.dir/link.txt --verbose=1
/usr/bin/gcc -rdynamic CMakeFiles/cmTC_b6b22.dir/src.c.o -o cmTC_b6b22 
gmake[1]: Leaving directory '/users/muoncollider/palombin/DDMarlinPandora014/v-00-14/build/CMakeFiles/CMakeTmp'


Source file was:
#include <pthread.h>

static void* test_func(void* data)
{
  return data;
}

int main(void)
{
  pthread_t thread;
  pthread_create(&thread, NULL, test_func, NULL);
  pthread_detach(thread);
  pthread_cancel(thread);
  pthread_join(thread, NULL);
  pthread_atfork(NULL, NULL, NULL);
  pthread_exit(NULL);

  return 0;
}

